<?xml version="1.0" encoding="UTF-8"?>
<testsuite xmlns:xsi="http://www.w3.org/2001/XMLSchema-instance" xsi:noNamespaceSchemaLocation="https://maven.apache.org/surefire/maven-surefire-plugin/xsd/surefire-test-report.xsd" name="SampleTest" time="17.934" tests="95" errors="0" skipped="0" failures="0">
  <properties>
[...]
</properties>
  <testcase name="testSample[1][1]" classname="SampleTest" time="0.42"/>
  <testcase name="testSample[1][2]" classname="SampleTest" time="0.192"/>
  <testcase name="testSample[1][3]" classname="SampleTest" time="0.192"/>
  <testcase name="testSample[1][4]" classname="SampleTest" time="0.192"/>
  <testcase name="testSample[1][5]" classname="SampleTest" time="0.187"/>
  <testcase name="testSample[1][6]" classname="SampleTest" time="0.166"/>
  <testcase name="testSample[1][7]" classname="SampleTest" time="0.742"/>
  <testcase name="testSample[2][1]" classname="SampleTest" time="0.177"/>
  <testcase name="testSample[2][2]" classname="SampleTest" time="0.184"/>
  <testcase name="testSample[2][3]" classname="SampleTest" time="0.19"/>
  <testcase name="testSample[2][4]" classname="SampleTest" time="0.171"/>
  <testcase name="testSample[2][5]" classname="SampleTest" time="0.169"/>
  <testcase name="testSample[2][6]" classname="SampleTest" time="0.337"/>
  <testcase name="testSample[3][1]" classname="SampleTest" time="0.189"/>
  <testcase name="testSample[3][2]" classname="SampleTest" time="0.175"/>
  <testcase name="testSample[3][3]" classname="SampleTest" time="0.176"/>
  <testcase name="testSample[3][4]" classname="SampleTest" time="0.279"/>
  <testcase name="testSample[4][1]" classname="SampleTest" time="0.176"/>
  <testcase name="testSample[4][2]" classname="SampleTest" time="0.176"/>
  <testcase name="testSample[4][3]" classname="SampleTest" time="0.304"/>
  <testcase name="testSample[5][1]" classname="SampleTest" time="0.169"/>
  <testcase name="testSample[5][2]" classname="SampleTest" time="0.163"/>
  <testcase name="testSample[5][3]" classname="SampleTest" time="0.24"/>
  <testcase name="testSample[6][1]" classname="SampleTest" time="0.167"/>
  <testcase name="testSample[6][2]" classname="SampleTest" time="0.174"/>
  <testcase name="testSample[6][3]" classname="SampleTest" time="0.24"/>
  <testcase name="testSample[7][1]" classname="SampleTest" time="0.012"/>
  <testcase name="testSample[7][2]" classname="SampleTest" time="0.233"/>
  <testcase name="testSample[8][1]" classname="SampleTest" time="0.17"/>
  <testcase name="testSample[8][2]" classname="SampleTest" time="0.195"/>
  <testcase name="testSample[8][3]" classname="SampleTest" time="0.156"/>
  <testcase name="testSample[8][4]" classname="SampleTest" time="0.169"/>
  <testcase name="testSample[8][5]" classname="SampleTest" time="0.236"/>
  <testcase name="testSample[9][1]" classname="SampleTest" time="0.168"/>
  <testcase name="testSample[9][2]" classname="SampleTest" time="0.167"/>
  <testcase name="testSample[9][3]" classname="SampleTest" time="0.167"/>
  <testcase name="testSample[9][4]" classname="SampleTest" time="0.177"/>
  <testcase name="testSample[9][5]" classname="SampleTest" time="0.684"/>
  <testcase name="testSample[10][1]" classname="SampleTest" time="0.135"/>
  <testcase name="testSample[10][2]" classname="SampleTest" time="0.24"/>
  <testcase name="testSample[11][1]" classname="SampleTest" time="0.074"/>
  <testcase name="testSample[12][1]" classname="SampleTest" time="0.011"/>
  <testcase name="testSample[12][2]" classname="SampleTest" time="0.012"/>
  <testcase name="testSample[12][3]" classname="SampleTest" time="0.026"/>
  <testcase name="testSample[12][4]" classname="SampleTest" time="0.102"/>
  <testcase name="testSample[13][1]" classname="SampleTest" time="0.084"/>
  <testcase name="testSample[14][1]" classname="SampleTest" time="0.012"/>
  <testcase name="testSample[14][2]" classname="SampleTest" time="0.012"/>
  <testcase name="testSample[14][3]" classname="SampleTest" time="0.013"/>
  <testcase name="testSample[14][4]" classname="SampleTest" time="0.012"/>
  <testcase name="testSample[14][5]" classname="SampleTest" time="0.072"/>
  <testcase name="testSample[15][1]" classname="SampleTest" time="0.078"/>
  <testcase name="testSample[15][2]" classname="SampleTest" time="0.189"/>
  <testcase name="testSample[15][3]" classname="SampleTest" time="0.178"/>
  <testcase name="testSample[15][4]" classname="SampleTest" time="0.176"/>
  <testcase name="testSample[15][5]" classname="SampleTest" time="0.269"/>
  <testcase name="testSample[16][1]" classname="SampleTest" time="0.172"/>
  <testcase name="testSample[16][2]" classname="SampleTest" time="0.236"/>
  <testcase name="testSample[17][1]" classname="SampleTest" time="0.146"/>
  <testcase name="testSample[17][2]" classname="SampleTest" time="0.012"/>
  <testcase name="testSample[17][3]" classname="SampleTest" time="0.241"/>
  <testcase name="testSample[18][1]" classname="SampleTest" time="0.012"/>
  <testcase name="testSample[18][2]" classname="SampleTest" time="0.234"/>
  <testcase name="testSample[19][1]" classname="SampleTest" time="0.013"/>
  <testcase name="testSample[19][2]" classname="SampleTest" time="0.136"/>
  <testcase name="testSample[19][3]" classname="SampleTest" time="0.282"/>
  <testcase name="testSample[20][1]" classname="SampleTest" time="0.012"/>
  <testcase name="testSample[20][2]" classname="SampleTest" time="0.214"/>
  <testcase name="testSample[21][1]" classname="SampleTest" time="0.013"/>
  <testcase name="testSample[21][2]" classname="SampleTest" time="0.143"/>
  <testcase name="testSample[21][3]" classname="SampleTest" time="0.278"/>
  <testcase name="testSample[22][1]" classname="SampleTest" time="0.017"/>
  <testcase name="testSample[22][2]" classname="SampleTest" time="0.167"/>
  <testcase name="testSample[22][3]" classname="SampleTest" time="0.203"/>
  <testcase name="testSample[22][4]" classname="SampleTest" time="0.182"/>
  <testcase name="testSample[22][5]" classname="SampleTest" time="0.192"/>
  <testcase name="testSample[22][6]" classname="SampleTest" time="0.192"/>
  <testcase name="testSample[22][7]" classname="SampleTest" time="0.257"/>
  <testcase name="testSample[23][1]" classname="SampleTest" time="0.165"/>
  <testcase name="testSample[23][2]" classname="SampleTest" time="0.178"/>
  <testcase name="testSample[23][3]" classname="SampleTest" time="0.251"/>
  <testcase name="testSample[24][1]" classname="SampleTest" time="0.209"/>
  <testcase name="testSample[25][1]" classname="SampleTest" time="0.148"/>
  <testcase name="testSample[25][2]" classname="SampleTest" time="0.011"/>
  <testcase name="testSample[25][3]" classname="SampleTest" time="0.24"/>
  <testcase name="testSample[26][1]" classname="SampleTest" time="0.148"/>
  <testcase name="testSample[26][2]" classname="SampleTest" time="0.174"/>
  <testcase name="testSample[26][3]" classname="SampleTest" time="0.175"/>
  <testcase name="testSample[26][4]" classname="SampleTest" time="0.242"/>
  <testcase name="testSample[27][1]" classname="SampleTest" time="0.153"/>
  <testcase name="testSample[27][2]" classname="SampleTest" time="0.261"/>
  <testcase name="testSample[28][1]" classname="SampleTest" time="0.18"/>
  <testcase name="testSample[28][2]" classname="SampleTest" time="0.316"/>
  <testcase name="testSample[29][1]" classname="SampleTest" time="0.134"/>
  <testcase name="testSample[29][2]" classname="SampleTest" time="0.447"/>
</testsuite>